<?xml version="1.0" encoding="UTF-8"?>
<!-- Generated by org.testng.reporters.JUnitReportReporter -->
<testsuite hostname="LAPTOP-A2B6134E" name="com.addresbook.Test.TestAddressBook" tests="1" failures="0" timestamp="15 Sep 2018 17:56:12 GMT" time="1.860" errors="0">
  <testcase name="test" time="1.860" classname="com.addresbook.Test.TestAddressBook"/>
</testsuite> <!-- com.addresbook.Test.TestAddressBook -->
