<?xml version="1.0" encoding="UTF-8"?>
<!-- Generated by org.testng.reporters.JUnitReportReporter -->
<testsuite hostname="LAPTOP-A2B6134E" name="TestAddressbook_TC.TestAddressbook_TC.TestAddressBook" tests="1" failures="0" timestamp="20 Sep 2018 19:56:33 GMT" time="1.995" errors="0">
  <testcase name="logIn" time="1.995" classname="TestAddressbook_TC.TestAddressbook_TC.TestAddressBook"/>
</testsuite> <!-- TestAddressbook_TC.TestAddressbook_TC.TestAddressBook -->
